2025-12-22T10:53:41.506+05:30  INFO 6556 --- [order-service] [main] com.ecommerce.order.OrderApplication     : Starting OrderApplication using Java 21.0.9 with PID 6556 (C:\Users\abhis\Documents\IdeaProjects\ecom-microservice\order\target\classes started by abhis in C:\Users\abhis\Documents\IdeaProjects\ecom-microservice)
2025-12-22T10:53:41.510+05:30  INFO 6556 --- [order-service] [main] com.ecommerce.order.OrderApplication     : No active profile set, falling back to 1 default profile: "default"
2025-12-22T10:53:41.559+05:30  INFO 6556 --- [order-service] [main] o.s.c.c.c.ConfigServerConfigDataLoader   : Fetching config from server at : http://localhost:8888
2025-12-22T10:53:41.560+05:30  INFO 6556 --- [order-service] [main] o.s.c.c.c.ConfigServerConfigDataLoader   : Located environment: name=order-service, profiles=[default], label=null, version=null, state=null
2025-12-22T10:53:42.725+05:30  INFO 6556 --- [order-service] [main] .s.d.r.c.RepositoryConfigurationDelegate : Bootstrapping Spring Data JPA repositories in DEFAULT mode.
2025-12-22T10:53:42.895+05:30  INFO 6556 --- [order-service] [main] .s.d.r.c.RepositoryConfigurationDelegate : Finished Spring Data repository scanning in 156 ms. Found 2 JPA repository interfaces.
2025-12-22T10:53:43.303+05:30  INFO 6556 --- [order-service] [main] faultConfiguringBeanFactoryPostProcessor : No bean named 'errorChannel' has been explicitly defined. Therefore, a default PublishSubscribeChannel will be created.
2025-12-22T10:53:43.311+05:30  INFO 6556 --- [order-service] [main] faultConfiguringBeanFactoryPostProcessor : No bean named 'integrationHeaderChannelRegistry' has been explicitly defined. Therefore, a default DefaultHeaderChannelRegistry will be created.
2025-12-22T10:53:43.422+05:30  INFO 6556 --- [order-service] [main] o.s.cloud.context.scope.GenericScope     : BeanFactory id=0983e8b4-890c-3170-9ef7-202444e862f5
2025-12-22T10:53:43.934+05:30  INFO 6556 --- [order-service] [main] o.s.boot.tomcat.TomcatWebServer          : Tomcat initialized with port 8083 (http)
2025-12-22T10:53:43.951+05:30  INFO 6556 --- [order-service] [main] o.apache.catalina.core.StandardService   : Starting service [Tomcat]
2025-12-22T10:53:43.951+05:30  INFO 6556 --- [order-service] [main] o.apache.catalina.core.StandardEngine    : Starting Servlet engine: [Apache Tomcat/11.0.14]
2025-12-22T10:53:44.075+05:30  INFO 6556 --- [order-service] [main] b.w.c.s.WebApplicationContextInitializer : Root WebApplicationContext: initialization completed in 2512 ms
2025-12-22T10:53:44.409+05:30  INFO 6556 --- [order-service] [main] o.hibernate.jpa.internal.util.LogHelper  : HHH000204: Processing PersistenceUnitInfo [name: default]
2025-12-22T10:53:44.456+05:30  INFO 6556 --- [order-service] [main] org.hibernate.Version                    : HHH000412: Hibernate ORM core version 7.1.8.Final
2025-12-22T10:53:44.895+05:30  INFO 6556 --- [order-service] [main] o.s.o.j.p.SpringPersistenceUnitInfo      : No LoadTimeWeaver setup: ignoring JPA class transformer
2025-12-22T10:53:44.927+05:30  INFO 6556 --- [order-service] [main] com.zaxxer.hikari.HikariDataSource       : HikariPool-1 - Starting...
2025-12-22T10:53:45.069+05:30  INFO 6556 --- [order-service] [main] com.zaxxer.hikari.pool.HikariPool        : HikariPool-1 - Added connection org.postgresql.jdbc.PgConnection@3f908a10
2025-12-22T10:53:45.070+05:30  INFO 6556 --- [order-service] [main] com.zaxxer.hikari.HikariDataSource       : HikariPool-1 - Start completed.
2025-12-22T10:53:45.101+05:30  WARN 6556 --- [order-service] [main] org.hibernate.orm.deprecation            : HHH90000025: PostgreSQLDialect does not need to be specified explicitly using 'hibernate.dialect' (remove the property setting and it will be selected by default)
2025-12-22T10:53:45.126+05:30  INFO 6556 --- [order-service] [main] org.hibernate.orm.connections.pooling    : HHH10001005: Database info:
	Database JDBC URL [jdbc:postgresql://localhost:5432/orderdb]
	Database driver: PostgreSQL JDBC Driver
	Database dialect: PostgreSQLDialect
	Database version: 14.20
	Default catalog/schema: orderdb/public
	Autocommit mode: undefined/unknown
	Isolation level: READ_COMMITTED [default READ_COMMITTED]
	JDBC fetch size: none
	Pool: DatasourceConnectionProviderImpl
	Minimum pool size: undefined/unknown
	Maximum pool size: undefined/unknown
2025-12-22T10:53:45.985+05:30  INFO 6556 --- [order-service] [main] o.h.e.t.j.p.i.JtaPlatformInitiator       : HHH000489: No JTA platform available (set 'hibernate.transaction.jta.platform' to enable JTA platform integration)
2025-12-22T10:53:46.056+05:30  INFO 6556 --- [order-service] [main] j.LocalContainerEntityManagerFactoryBean : Initialized JPA EntityManagerFactory for persistence unit 'default'
2025-12-22T10:53:46.146+05:30  INFO 6556 --- [order-service] [main] o.s.d.j.r.query.QueryEnhancerFactories   : Hibernate is in classpath; If applicable, HQL parser will be used.
2025-12-22T10:53:46.615+05:30  WARN 6556 --- [order-service] [main] JpaBaseConfiguration$JpaWebConfiguration : spring.jpa.open-in-view is enabled by default. Therefore, database queries may be performed during view rendering. Explicitly configure spring.jpa.open-in-view to disable this warning
2025-12-22T10:53:47.062+05:30  INFO 6556 --- [order-service] [main] o.s.c.s.m.DirectWithAttributesChannel    : Channel 'order-service.springCloudBusInput' has 1 subscriber(s).
2025-12-22T10:53:47.632+05:30  INFO 6556 --- [order-service] [main] DiscoveryClientOptionalArgsConfiguration : Eureka HTTP Client uses RestClient.
2025-12-22T10:53:47.667+05:30  WARN 6556 --- [order-service] [main] iguration$LoadBalancerCaffeineWarnLogger : Spring Cloud LoadBalancer is currently working with the default cache. While this cache implementation is useful for development and tests, it's recommended to use Caffeine cache in production.You can switch to using Caffeine cache, by adding it and org.springframework.cache.caffeine.CaffeineCacheManager to the classpath.
2025-12-22T10:53:47.674+05:30  INFO 6556 --- [order-service] [main] o.s.b.a.e.web.EndpointLinksResolver      : Exposing 24 endpoints beneath base path '/actuator'
2025-12-22T10:53:47.774+05:30  INFO 6556 --- [order-service] [main] o.s.i.endpoint.EventDrivenConsumer       : Adding {logging-channel-adapter:_org.springframework.integration.errorLogger} as a subscriber to the 'errorChannel' channel
2025-12-22T10:53:47.774+05:30  INFO 6556 --- [order-service] [main] o.s.i.channel.PublishSubscribeChannel    : Channel 'order-service.errorChannel' has 1 subscriber(s).
2025-12-22T10:53:47.774+05:30  INFO 6556 --- [order-service] [main] o.s.i.endpoint.EventDrivenConsumer       : started bean '_org.springframework.integration.errorLogger'
2025-12-22T10:53:47.793+05:30  INFO 6556 --- [order-service] [main] o.s.c.n.eureka.InstanceInfoFactory       : Setting initial instance status as: STARTING
2025-12-22T10:53:47.818+05:30  INFO 6556 --- [order-service] [main] com.netflix.discovery.DiscoveryClient    : Initializing Eureka in region us-east-1
2025-12-22T10:53:47.821+05:30  INFO 6556 --- [order-service] [main] c.n.d.s.r.aws.ConfigClusterResolver      : Resolving eureka endpoints via configuration
2025-12-22T10:53:47.829+05:30  INFO 6556 --- [order-service] [main] com.netflix.discovery.DiscoveryClient    : Disable delta property : false
2025-12-22T10:53:47.829+05:30  INFO 6556 --- [order-service] [main] com.netflix.discovery.DiscoveryClient    : Single vip registry refresh property : null
2025-12-22T10:53:47.829+05:30  INFO 6556 --- [order-service] [main] com.netflix.discovery.DiscoveryClient    : Force full registry fetch : false
2025-12-22T10:53:47.829+05:30  INFO 6556 --- [order-service] [main] com.netflix.discovery.DiscoveryClient    : Application is null : false
2025-12-22T10:53:47.829+05:30  INFO 6556 --- [order-service] [main] com.netflix.discovery.DiscoveryClient    : Registered Applications size is zero : true
2025-12-22T10:53:47.829+05:30  INFO 6556 --- [order-service] [main] com.netflix.discovery.DiscoveryClient    : Application version is -1: true
2025-12-22T10:53:47.829+05:30  INFO 6556 --- [order-service] [main] com.netflix.discovery.DiscoveryClient    : Getting all instance registry info from the eureka server
2025-12-22T10:53:48.000+05:30  INFO 6556 --- [order-service] [main] com.netflix.discovery.DiscoveryClient    : The response status is 200
2025-12-22T10:53:48.002+05:30  INFO 6556 --- [order-service] [main] com.netflix.discovery.DiscoveryClient    : Starting heartbeat executor: renew interval is: 30
2025-12-22T10:53:48.003+05:30  INFO 6556 --- [order-service] [main] c.n.discovery.InstanceInfoReplicator     : InstanceInfoReplicator onDemand update allowed rate per min is 4
2025-12-22T10:53:48.004+05:30  INFO 6556 --- [order-service] [main] com.netflix.discovery.DiscoveryClient    : Discovery Client initialized at timestamp 1766381028004 with initial instances count: 3
2025-12-22T10:53:48.008+05:30  INFO 6556 --- [order-service] [main] o.s.c.n.e.s.EurekaServiceRegistry        : Registering application ORDER-SERVICE with eureka with status UP
2025-12-22T10:53:48.008+05:30  INFO 6556 --- [order-service] [main] com.netflix.discovery.DiscoveryClient    : Saw local status change event StatusChangeEvent [timestamp=1766381028008, current=UP, previous=STARTING]
2025-12-22T10:53:48.009+05:30  INFO 6556 --- [order-service] [DiscoveryClient-InstanceInfoReplicator-%d] com.netflix.discovery.DiscoveryClient    : DiscoveryClient_ORDER-SERVICE/Dell.mshome.net:order-service:8083: registering service...
2025-12-22T10:53:48.010+05:30  INFO 6556 --- [order-service] [main] o.s.c.s.binder.DefaultBinderFactory      : Creating binder: rabbit
2025-12-22T10:53:48.010+05:30  INFO 6556 --- [order-service] [main] o.s.c.s.binder.DefaultBinderFactory      : Constructing binder child context for rabbit
2025-12-22T10:53:48.048+05:30  INFO 6556 --- [order-service] [DiscoveryClient-InstanceInfoReplicator-%d] com.netflix.discovery.DiscoveryClient    : DiscoveryClient_ORDER-SERVICE/Dell.mshome.net:order-service:8083 - registration status: 204
2025-12-22T10:53:48.098+05:30  INFO 6556 --- [order-service] [main] o.s.c.s.binder.DefaultBinderFactory      : Caching the binder: rabbit
2025-12-22T10:53:48.110+05:30  INFO 6556 --- [order-service] [main] c.s.b.r.p.RabbitExchangeQueueProvisioner : declaring queue for inbound: springCloudBus.anonymous.XRfjD61tSjut3YT70M7aew, bound to: springCloudBus
2025-12-22T10:53:48.116+05:30  INFO 6556 --- [order-service] [main] o.s.a.r.c.CachingConnectionFactory       : Attempting to connect to: [localhost:5672]
2025-12-22T10:53:48.167+05:30  INFO 6556 --- [order-service] [main] o.s.a.r.c.CachingConnectionFactory       : Created new connection: rabbitConnectionFactory#258274cb:0/SimpleConnection@1cc1813a [delegate=amqp://guest@127.0.0.1:5672/, localPort=61861]
2025-12-22T10:53:48.219+05:30  INFO 6556 --- [order-service] [main] o.s.c.stream.binder.BinderErrorChannel   : Channel 'rabbit-1594255833.springCloudBusInput.errors' has 1 subscriber(s).
2025-12-22T10:53:48.221+05:30  INFO 6556 --- [order-service] [main] o.s.c.stream.binder.BinderErrorChannel   : Channel 'rabbit-1594255833.springCloudBusInput.errors' has 2 subscriber(s).
2025-12-22T10:53:48.246+05:30  INFO 6556 --- [order-service] [main] o.s.i.a.i.AmqpInboundChannelAdapter      : started bean 'inbound.springCloudBus.anonymous.XRfjD61tSjut3YT70M7aew'
2025-12-22T10:53:48.268+05:30  INFO 6556 --- [order-service] [main] o.s.boot.tomcat.TomcatWebServer          : Tomcat started on port 8083 (http) with context path '/'
2025-12-22T10:53:48.269+05:30  INFO 6556 --- [order-service] [main] .s.c.n.e.s.EurekaAutoServiceRegistration : Updating port to 8083
2025-12-22T10:53:48.318+05:30  INFO 6556 --- [order-service] [main] com.ecommerce.order.OrderApplication     : Started OrderApplication in 7.914 seconds (process running for 8.842)
2025-12-22T10:58:47.843+05:30  INFO 6556 --- [order-service] [AsyncResolver-bootstrap-executor-%d] c.n.d.s.r.aws.ConfigClusterResolver      : Resolving eureka endpoints via configuration
2025-12-22T11:03:47.857+05:30  INFO 6556 --- [order-service] [AsyncResolver-bootstrap-executor-%d] c.n.d.s.r.aws.ConfigClusterResolver      : Resolving eureka endpoints via configuration
2025-12-22T11:08:47.866+05:30  INFO 6556 --- [order-service] [AsyncResolver-bootstrap-executor-%d] c.n.d.s.r.aws.ConfigClusterResolver      : Resolving eureka endpoints via configuration
2025-12-22T11:13:47.876+05:30  INFO 6556 --- [order-service] [AsyncResolver-bootstrap-executor-%d] c.n.d.s.r.aws.ConfigClusterResolver      : Resolving eureka endpoints via configuration
2025-12-22T11:18:32.259+05:30  INFO 6556 --- [order-service] [SpringApplicationShutdownHook] o.s.c.n.e.s.EurekaServiceRegistry        : Unregistering application ORDER-SERVICE with eureka with status DOWN
2025-12-22T11:18:32.261+05:30  INFO 6556 --- [order-service] [SpringApplicationShutdownHook] com.netflix.discovery.DiscoveryClient    : Saw local status change event StatusChangeEvent [timestamp=1766382512261, current=DOWN, previous=UP]
2025-12-22T11:18:32.262+05:30  INFO 6556 --- [order-service] [DiscoveryClient-InstanceInfoReplicator-%d] com.netflix.discovery.DiscoveryClient    : DiscoveryClient_ORDER-SERVICE/Dell.mshome.net:order-service:8083: registering service...
2025-12-22T11:18:32.299+05:30  INFO 6556 --- [order-service] [DiscoveryClient-InstanceInfoReplicator-%d] com.netflix.discovery.DiscoveryClient    : DiscoveryClient_ORDER-SERVICE/Dell.mshome.net:order-service:8083 - registration status: 204
2025-12-22T11:18:32.311+05:30  INFO 6556 --- [order-service] [SpringApplicationShutdownHook] o.s.boot.tomcat.GracefulShutdown         : Commencing graceful shutdown. Waiting for active requests to complete
2025-12-22T11:18:32.329+05:30  INFO 6556 --- [order-service] [tomcat-shutdown] o.s.boot.tomcat.GracefulShutdown         : Graceful shutdown complete
2025-12-22T11:18:32.365+05:30  INFO 6556 --- [order-service] [SpringApplicationShutdownHook] o.s.a.r.l.SimpleMessageListenerContainer : Waiting for workers to finish.
2025-12-22T11:18:32.568+05:30  INFO 6556 --- [order-service] [SpringApplicationShutdownHook] o.s.a.r.l.SimpleMessageListenerContainer : Successfully waited for workers to finish.
2025-12-22T11:18:32.571+05:30  INFO 6556 --- [order-service] [SpringApplicationShutdownHook] o.s.i.a.i.AmqpInboundChannelAdapter      : stopped bean 'inbound.springCloudBus.anonymous.XRfjD61tSjut3YT70M7aew'
2025-12-22T11:18:32.599+05:30  INFO 6556 --- [order-service] [SpringApplicationShutdownHook] o.s.c.stream.binder.BinderErrorChannel   : Channel 'order-service.rabbit-1594255833.springCloudBusInput.errors' has 1 subscriber(s).
2025-12-22T11:18:32.602+05:30  INFO 6556 --- [order-service] [SpringApplicationShutdownHook] o.s.c.stream.binder.BinderErrorChannel   : Channel 'order-service.rabbit-1594255833.springCloudBusInput.errors' has 0 subscriber(s).
2025-12-22T11:18:32.667+05:30  INFO 6556 --- [order-service] [SpringApplicationShutdownHook] o.s.i.endpoint.EventDrivenConsumer       : Removing {logging-channel-adapter:_org.springframework.integration.errorLogger} as a subscriber to the 'errorChannel' channel
2025-12-22T11:18:32.667+05:30  INFO 6556 --- [order-service] [SpringApplicationShutdownHook] o.s.i.channel.PublishSubscribeChannel    : Channel 'order-service.errorChannel' has 0 subscriber(s).
2025-12-22T11:18:32.668+05:30  INFO 6556 --- [order-service] [SpringApplicationShutdownHook] o.s.i.endpoint.EventDrivenConsumer       : stopped bean '_org.springframework.integration.errorLogger'
2025-12-22T11:18:32.688+05:30  INFO 6556 --- [order-service] [SpringApplicationShutdownHook] j.LocalContainerEntityManagerFactoryBean : Closing JPA EntityManagerFactory for persistence unit 'default'
2025-12-22T11:18:32.699+05:30  INFO 6556 --- [order-service] [SpringApplicationShutdownHook] com.zaxxer.hikari.HikariDataSource       : HikariPool-1 - Shutdown initiated...
2025-12-22T11:18:32.703+05:30  INFO 6556 --- [order-service] [SpringApplicationShutdownHook] com.zaxxer.hikari.HikariDataSource       : HikariPool-1 - Shutdown completed.
2025-12-22T11:18:32.707+05:30  INFO 6556 --- [order-service] [SpringApplicationShutdownHook] com.netflix.discovery.DiscoveryClient    : Shutting down DiscoveryClient ...
2025-12-22T11:18:35.713+05:30  INFO 6556 --- [order-service] [SpringApplicationShutdownHook] com.netflix.discovery.DiscoveryClient    : Unregistering ...
2025-12-22T11:18:35.730+05:30  INFO 6556 --- [order-service] [SpringApplicationShutdownHook] com.netflix.discovery.DiscoveryClient    : DiscoveryClient_ORDER-SERVICE/Dell.mshome.net:order-service:8083 - deregister  status: 200
2025-12-22T11:18:35.731+05:30  INFO 6556 --- [order-service] [SpringApplicationShutdownHook] com.netflix.discovery.DiscoveryClient    : Completed shut down of DiscoveryClient
2025-12-22T11:18:39.938+05:30  INFO 1748 --- [order-service] [main] com.ecommerce.order.OrderApplication     : Starting OrderApplication using Java 21.0.9 with PID 1748 (C:\Users\abhis\Documents\IdeaProjects\ecom-microservice\order\target\classes started by abhis in C:\Users\abhis\Documents\IdeaProjects\ecom-microservice)
2025-12-22T11:18:39.944+05:30  INFO 1748 --- [order-service] [main] com.ecommerce.order.OrderApplication     : No active profile set, falling back to 1 default profile: "default"
2025-12-22T11:18:40.020+05:30  INFO 1748 --- [order-service] [main] o.s.c.c.c.ConfigServerConfigDataLoader   : Fetching config from server at : http://localhost:8888
2025-12-22T11:18:40.021+05:30  INFO 1748 --- [order-service] [main] o.s.c.c.c.ConfigServerConfigDataLoader   : Located environment: name=order-service, profiles=[default], label=null, version=null, state=null
2025-12-22T11:18:42.221+05:30  INFO 1748 --- [order-service] [main] .s.d.r.c.RepositoryConfigurationDelegate : Bootstrapping Spring Data JPA repositories in DEFAULT mode.
2025-12-22T11:18:42.509+05:30  INFO 1748 --- [order-service] [main] .s.d.r.c.RepositoryConfigurationDelegate : Finished Spring Data repository scanning in 269 ms. Found 2 JPA repository interfaces.
2025-12-22T11:18:43.576+05:30  INFO 1748 --- [order-service] [main] faultConfiguringBeanFactoryPostProcessor : No bean named 'errorChannel' has been explicitly defined. Therefore, a default PublishSubscribeChannel will be created.
2025-12-22T11:18:43.589+05:30  INFO 1748 --- [order-service] [main] faultConfiguringBeanFactoryPostProcessor : No bean named 'integrationHeaderChannelRegistry' has been explicitly defined. Therefore, a default DefaultHeaderChannelRegistry will be created.
2025-12-22T11:18:43.791+05:30  INFO 1748 --- [order-service] [main] o.s.cloud.context.scope.GenericScope     : BeanFactory id=0983e8b4-890c-3170-9ef7-202444e862f5
2025-12-22T11:18:44.775+05:30  INFO 1748 --- [order-service] [main] o.s.boot.tomcat.TomcatWebServer          : Tomcat initialized with port 8083 (http)
2025-12-22T11:18:44.799+05:30  INFO 1748 --- [order-service] [main] o.apache.catalina.core.StandardService   : Starting service [Tomcat]
2025-12-22T11:18:44.800+05:30  INFO 1748 --- [order-service] [main] o.apache.catalina.core.StandardEngine    : Starting Servlet engine: [Apache Tomcat/11.0.14]
2025-12-22T11:18:44.968+05:30  INFO 1748 --- [order-service] [main] b.w.c.s.WebApplicationContextInitializer : Root WebApplicationContext: initialization completed in 4942 ms
2025-12-22T11:18:45.729+05:30  INFO 1748 --- [order-service] [main] o.hibernate.jpa.internal.util.LogHelper  : HHH000204: Processing PersistenceUnitInfo [name: default]
2025-12-22T11:18:45.874+05:30  INFO 1748 --- [order-service] [main] org.hibernate.Version                    : HHH000412: Hibernate ORM core version 7.1.8.Final
2025-12-22T11:18:46.721+05:30  INFO 1748 --- [order-service] [main] o.s.o.j.p.SpringPersistenceUnitInfo      : No LoadTimeWeaver setup: ignoring JPA class transformer
2025-12-22T11:18:46.780+05:30  INFO 1748 --- [order-service] [main] com.zaxxer.hikari.HikariDataSource       : HikariPool-1 - Starting...
2025-12-22T11:18:47.043+05:30  INFO 1748 --- [order-service] [main] com.zaxxer.hikari.pool.HikariPool        : HikariPool-1 - Added connection org.postgresql.jdbc.PgConnection@1dab2cf5
2025-12-22T11:18:47.045+05:30  INFO 1748 --- [order-service] [main] com.zaxxer.hikari.HikariDataSource       : HikariPool-1 - Start completed.
2025-12-22T11:18:47.103+05:30  WARN 1748 --- [order-service] [main] org.hibernate.orm.deprecation            : HHH90000025: PostgreSQLDialect does not need to be specified explicitly using 'hibernate.dialect' (remove the property setting and it will be selected by default)
2025-12-22T11:18:47.149+05:30  INFO 1748 --- [order-service] [main] org.hibernate.orm.connections.pooling    : HHH10001005: Database info:
	Database JDBC URL [jdbc:postgresql://localhost:5432/orderdb]
	Database driver: PostgreSQL JDBC Driver
	Database dialect: PostgreSQLDialect
	Database version: 14.20
	Default catalog/schema: orderdb/public
	Autocommit mode: undefined/unknown
	Isolation level: READ_COMMITTED [default READ_COMMITTED]
	JDBC fetch size: none
	Pool: DatasourceConnectionProviderImpl
	Minimum pool size: undefined/unknown
	Maximum pool size: undefined/unknown
2025-12-22T11:18:48.754+05:30  INFO 1748 --- [order-service] [main] o.h.e.t.j.p.i.JtaPlatformInitiator       : HHH000489: No JTA platform available (set 'hibernate.transaction.jta.platform' to enable JTA platform integration)
2025-12-22T11:18:48.869+05:30  INFO 1748 --- [order-service] [main] j.LocalContainerEntityManagerFactoryBean : Initialized JPA EntityManagerFactory for persistence unit 'default'
2025-12-22T11:18:49.005+05:30  INFO 1748 --- [order-service] [main] o.s.d.j.r.query.QueryEnhancerFactories   : Hibernate is in classpath; If applicable, HQL parser will be used.
2025-12-22T11:18:49.922+05:30  WARN 1748 --- [order-service] [main] JpaBaseConfiguration$JpaWebConfiguration : spring.jpa.open-in-view is enabled by default. Therefore, database queries may be performed during view rendering. Explicitly configure spring.jpa.open-in-view to disable this warning
2025-12-22T11:18:50.719+05:30  INFO 1748 --- [order-service] [main] o.s.c.s.m.DirectWithAttributesChannel    : Channel 'order-service.springCloudBusInput' has 1 subscriber(s).
2025-12-22T11:18:51.662+05:30  INFO 1748 --- [order-service] [main] DiscoveryClientOptionalArgsConfiguration : Eureka HTTP Client uses RestClient.
2025-12-22T11:18:51.731+05:30  WARN 1748 --- [order-service] [main] iguration$LoadBalancerCaffeineWarnLogger : Spring Cloud LoadBalancer is currently working with the default cache. While this cache implementation is useful for development and tests, it's recommended to use Caffeine cache in production.You can switch to using Caffeine cache, by adding it and org.springframework.cache.caffeine.CaffeineCacheManager to the classpath.
2025-12-22T11:18:51.741+05:30  INFO 1748 --- [order-service] [main] o.s.b.a.e.web.EndpointLinksResolver      : Exposing 24 endpoints beneath base path '/actuator'
2025-12-22T11:18:51.961+05:30  INFO 1748 --- [order-service] [main] o.s.i.endpoint.EventDrivenConsumer       : Adding {logging-channel-adapter:_org.springframework.integration.errorLogger} as a subscriber to the 'errorChannel' channel
2025-12-22T11:18:51.962+05:30  INFO 1748 --- [order-service] [main] o.s.i.channel.PublishSubscribeChannel    : Channel 'order-service.errorChannel' has 1 subscriber(s).
2025-12-22T11:18:51.962+05:30  INFO 1748 --- [order-service] [main] o.s.i.endpoint.EventDrivenConsumer       : started bean '_org.springframework.integration.errorLogger'
2025-12-22T11:18:52.010+05:30  INFO 1748 --- [order-service] [main] o.s.c.n.eureka.InstanceInfoFactory       : Setting initial instance status as: STARTING
2025-12-22T11:18:52.080+05:30  INFO 1748 --- [order-service] [main] com.netflix.discovery.DiscoveryClient    : Initializing Eureka in region us-east-1
2025-12-22T11:18:52.088+05:30  INFO 1748 --- [order-service] [main] c.n.d.s.r.aws.ConfigClusterResolver      : Resolving eureka endpoints via configuration
2025-12-22T11:18:52.101+05:30  INFO 1748 --- [order-service] [main] com.netflix.discovery.DiscoveryClient    : Disable delta property : false
2025-12-22T11:18:52.102+05:30  INFO 1748 --- [order-service] [main] com.netflix.discovery.DiscoveryClient    : Single vip registry refresh property : null
2025-12-22T11:18:52.102+05:30  INFO 1748 --- [order-service] [main] com.netflix.discovery.DiscoveryClient    : Force full registry fetch : false
2025-12-22T11:18:52.102+05:30  INFO 1748 --- [order-service] [main] com.netflix.discovery.DiscoveryClient    : Application is null : false
2025-12-22T11:18:52.103+05:30  INFO 1748 --- [order-service] [main] com.netflix.discovery.DiscoveryClient    : Registered Applications size is zero : true
2025-12-22T11:18:52.103+05:30  INFO 1748 --- [order-service] [main] com.netflix.discovery.DiscoveryClient    : Application version is -1: true
2025-12-22T11:18:52.103+05:30  INFO 1748 --- [order-service] [main] com.netflix.discovery.DiscoveryClient    : Getting all instance registry info from the eureka server
2025-12-22T11:18:52.358+05:30  INFO 1748 --- [order-service] [main] com.netflix.discovery.DiscoveryClient    : The response status is 200
2025-12-22T11:18:52.362+05:30  INFO 1748 --- [order-service] [main] com.netflix.discovery.DiscoveryClient    : Starting heartbeat executor: renew interval is: 30
2025-12-22T11:18:52.366+05:30  INFO 1748 --- [order-service] [main] c.n.discovery.InstanceInfoReplicator     : InstanceInfoReplicator onDemand update allowed rate per min is 4
2025-12-22T11:18:52.369+05:30  INFO 1748 --- [order-service] [main] com.netflix.discovery.DiscoveryClient    : Discovery Client initialized at timestamp 1766382532368 with initial instances count: 3
2025-12-22T11:18:52.374+05:30  INFO 1748 --- [order-service] [main] o.s.c.n.e.s.EurekaServiceRegistry        : Registering application ORDER-SERVICE with eureka with status UP
2025-12-22T11:18:52.375+05:30  INFO 1748 --- [order-service] [main] com.netflix.discovery.DiscoveryClient    : Saw local status change event StatusChangeEvent [timestamp=1766382532375, current=UP, previous=STARTING]
2025-12-22T11:18:52.378+05:30  INFO 1748 --- [order-service] [DiscoveryClient-InstanceInfoReplicator-%d] com.netflix.discovery.DiscoveryClient    : DiscoveryClient_ORDER-SERVICE/Dell.mshome.net:order-service:8083: registering service...
2025-12-22T11:18:52.380+05:30  INFO 1748 --- [order-service] [main] o.s.c.s.binder.DefaultBinderFactory      : Creating binder: rabbit
2025-12-22T11:18:52.380+05:30  INFO 1748 --- [order-service] [main] o.s.c.s.binder.DefaultBinderFactory      : Constructing binder child context for rabbit
2025-12-22T11:18:52.458+05:30  INFO 1748 --- [order-service] [DiscoveryClient-InstanceInfoReplicator-%d] com.netflix.discovery.DiscoveryClient    : DiscoveryClient_ORDER-SERVICE/Dell.mshome.net:order-service:8083 - registration status: 204
2025-12-22T11:18:52.557+05:30  INFO 1748 --- [order-service] [main] o.s.c.s.binder.DefaultBinderFactory      : Caching the binder: rabbit
2025-12-22T11:18:52.578+05:30  INFO 1748 --- [order-service] [main] c.s.b.r.p.RabbitExchangeQueueProvisioner : declaring queue for inbound: springCloudBus.anonymous.23SoB6fcQvS09jZiAKlNSg, bound to: springCloudBus
2025-12-22T11:18:52.590+05:30  INFO 1748 --- [order-service] [main] o.s.a.r.c.CachingConnectionFactory       : Attempting to connect to: [localhost:5672]
2025-12-22T11:18:52.661+05:30  INFO 1748 --- [order-service] [main] o.s.a.r.c.CachingConnectionFactory       : Created new connection: rabbitConnectionFactory#536905ed:0/SimpleConnection@1d88414a [delegate=amqp://guest@127.0.0.1:5672/, localPort=51222]
2025-12-22T11:18:52.740+05:30  INFO 1748 --- [order-service] [main] o.s.c.stream.binder.BinderErrorChannel   : Channel 'rabbit-2064158133.springCloudBusInput.errors' has 1 subscriber(s).
2025-12-22T11:18:52.741+05:30  INFO 1748 --- [order-service] [main] o.s.c.stream.binder.BinderErrorChannel   : Channel 'rabbit-2064158133.springCloudBusInput.errors' has 2 subscriber(s).
2025-12-22T11:18:52.776+05:30  INFO 1748 --- [order-service] [main] o.s.i.a.i.AmqpInboundChannelAdapter      : started bean 'inbound.springCloudBus.anonymous.23SoB6fcQvS09jZiAKlNSg'
2025-12-22T11:18:52.809+05:30  INFO 1748 --- [order-service] [main] o.s.boot.tomcat.TomcatWebServer          : Tomcat started on port 8083 (http) with context path '/'
2025-12-22T11:18:52.811+05:30  INFO 1748 --- [order-service] [main] .s.c.n.e.s.EurekaAutoServiceRegistration : Updating port to 8083
2025-12-22T11:18:52.889+05:30  INFO 1748 --- [order-service] [main] com.ecommerce.order.OrderApplication     : Started OrderApplication in 14.769 seconds (process running for 16.121)
2025-12-22T11:23:52.120+05:30  INFO 1748 --- [order-service] [AsyncResolver-bootstrap-executor-%d] c.n.d.s.r.aws.ConfigClusterResolver      : Resolving eureka endpoints via configuration
2025-12-22T11:28:52.132+05:30  INFO 1748 --- [order-service] [AsyncResolver-bootstrap-executor-%d] c.n.d.s.r.aws.ConfigClusterResolver      : Resolving eureka endpoints via configuration
2025-12-22T11:32:51.542+05:30  INFO 1748 --- [order-service] [SpringApplicationShutdownHook] o.s.c.n.e.s.EurekaServiceRegistry        : Unregistering application ORDER-SERVICE with eureka with status DOWN
2025-12-22T11:32:51.543+05:30  INFO 1748 --- [order-service] [SpringApplicationShutdownHook] com.netflix.discovery.DiscoveryClient    : Saw local status change event StatusChangeEvent [timestamp=1766383371543, current=DOWN, previous=UP]
2025-12-22T11:32:51.543+05:30  INFO 1748 --- [order-service] [DiscoveryClient-InstanceInfoReplicator-%d] com.netflix.discovery.DiscoveryClient    : DiscoveryClient_ORDER-SERVICE/Dell.mshome.net:order-service:8083: registering service...
2025-12-22T11:32:51.547+05:30  INFO 1748 --- [order-service] [SpringApplicationShutdownHook] o.s.boot.tomcat.GracefulShutdown         : Commencing graceful shutdown. Waiting for active requests to complete
2025-12-22T11:32:51.550+05:30  INFO 1748 --- [order-service] [DiscoveryClient-InstanceInfoReplicator-%d] com.netflix.discovery.DiscoveryClient    : DiscoveryClient_ORDER-SERVICE/Dell.mshome.net:order-service:8083 - registration status: 204
2025-12-22T11:32:51.558+05:30  INFO 1748 --- [order-service] [tomcat-shutdown] o.s.boot.tomcat.GracefulShutdown         : Graceful shutdown complete
2025-12-22T11:32:51.570+05:30  INFO 1748 --- [order-service] [SpringApplicationShutdownHook] o.s.a.r.l.SimpleMessageListenerContainer : Waiting for workers to finish.
2025-12-22T11:32:51.570+05:30  INFO 1748 --- [order-service] [SpringApplicationShutdownHook] o.s.a.r.l.SimpleMessageListenerContainer : Successfully waited for workers to finish.
2025-12-22T11:32:51.570+05:30  INFO 1748 --- [order-service] [SpringApplicationShutdownHook] o.s.i.a.i.AmqpInboundChannelAdapter      : stopped bean 'inbound.springCloudBus.anonymous.23SoB6fcQvS09jZiAKlNSg'
2025-12-22T11:32:51.573+05:30  INFO 1748 --- [order-service] [SpringApplicationShutdownHook] o.s.c.stream.binder.BinderErrorChannel   : Channel 'order-service.rabbit-2064158133.springCloudBusInput.errors' has 1 subscriber(s).
2025-12-22T11:32:51.574+05:30  INFO 1748 --- [order-service] [SpringApplicationShutdownHook] o.s.c.stream.binder.BinderErrorChannel   : Channel 'order-service.rabbit-2064158133.springCloudBusInput.errors' has 0 subscriber(s).
2025-12-22T11:32:51.603+05:30  INFO 1748 --- [order-service] [SpringApplicationShutdownHook] o.s.i.endpoint.EventDrivenConsumer       : Removing {logging-channel-adapter:_org.springframework.integration.errorLogger} as a subscriber to the 'errorChannel' channel
2025-12-22T11:32:51.603+05:30  INFO 1748 --- [order-service] [SpringApplicationShutdownHook] o.s.i.channel.PublishSubscribeChannel    : Channel 'order-service.errorChannel' has 0 subscriber(s).
2025-12-22T11:32:51.603+05:30  INFO 1748 --- [order-service] [SpringApplicationShutdownHook] o.s.i.endpoint.EventDrivenConsumer       : stopped bean '_org.springframework.integration.errorLogger'
2025-12-22T11:32:51.611+05:30  INFO 1748 --- [order-service] [SpringApplicationShutdownHook] j.LocalContainerEntityManagerFactoryBean : Closing JPA EntityManagerFactory for persistence unit 'default'
2025-12-22T11:32:51.613+05:30  INFO 1748 --- [order-service] [SpringApplicationShutdownHook] com.zaxxer.hikari.HikariDataSource       : HikariPool-1 - Shutdown initiated...
2025-12-22T11:32:51.616+05:30  INFO 1748 --- [order-service] [SpringApplicationShutdownHook] com.zaxxer.hikari.HikariDataSource       : HikariPool-1 - Shutdown completed.
2025-12-22T11:32:51.618+05:30  INFO 1748 --- [order-service] [SpringApplicationShutdownHook] com.netflix.discovery.DiscoveryClient    : Shutting down DiscoveryClient ...
2025-12-22T11:32:54.622+05:30  WARN 1748 --- [order-service] [DiscoveryClient-%d] c.netflix.discovery.TimedSupervisorTask  : task supervisor shutting down, can't accept the task
2025-12-22T11:32:54.622+05:30  INFO 1748 --- [order-service] [SpringApplicationShutdownHook] com.netflix.discovery.DiscoveryClient    : Unregistering ...
2025-12-22T11:32:54.626+05:30  INFO 1748 --- [order-service] [SpringApplicationShutdownHook] com.netflix.discovery.DiscoveryClient    : DiscoveryClient_ORDER-SERVICE/Dell.mshome.net:order-service:8083 - deregister  status: 200
2025-12-22T11:32:54.626+05:30  INFO 1748 --- [order-service] [SpringApplicationShutdownHook] com.netflix.discovery.DiscoveryClient    : Completed shut down of DiscoveryClient
2025-12-22T11:32:58.311+05:30  INFO 6428 --- [order-service] [main] com.ecommerce.order.OrderApplication     : Starting OrderApplication using Java 21.0.9 with PID 6428 (C:\Users\abhis\Documents\IdeaProjects\ecom-microservice\order\target\classes started by abhis in C:\Users\abhis\Documents\IdeaProjects\ecom-microservice)
2025-12-22T11:32:58.319+05:30  INFO 6428 --- [order-service] [main] com.ecommerce.order.OrderApplication     : No active profile set, falling back to 1 default profile: "default"
2025-12-22T11:32:58.401+05:30  INFO 6428 --- [order-service] [main] o.s.c.c.c.ConfigServerConfigDataLoader   : Fetching config from server at : http://localhost:8888
2025-12-22T11:32:58.402+05:30  INFO 6428 --- [order-service] [main] o.s.c.c.c.ConfigServerConfigDataLoader   : Located environment: name=order-service, profiles=[default], label=null, version=null, state=null
2025-12-22T11:33:00.448+05:30  INFO 6428 --- [order-service] [main] .s.d.r.c.RepositoryConfigurationDelegate : Bootstrapping Spring Data JPA repositories in DEFAULT mode.
2025-12-22T11:33:00.684+05:30  INFO 6428 --- [order-service] [main] .s.d.r.c.RepositoryConfigurationDelegate : Finished Spring Data repository scanning in 217 ms. Found 2 JPA repository interfaces.
2025-12-22T11:33:01.387+05:30  INFO 6428 --- [order-service] [main] faultConfiguringBeanFactoryPostProcessor : No bean named 'errorChannel' has been explicitly defined. Therefore, a default PublishSubscribeChannel will be created.
2025-12-22T11:33:01.412+05:30  INFO 6428 --- [order-service] [main] faultConfiguringBeanFactoryPostProcessor : No bean named 'integrationHeaderChannelRegistry' has been explicitly defined. Therefore, a default DefaultHeaderChannelRegistry will be created.
2025-12-22T11:33:01.675+05:30  INFO 6428 --- [order-service] [main] o.s.cloud.context.scope.GenericScope     : BeanFactory id=0983e8b4-890c-3170-9ef7-202444e862f5
2025-12-22T11:33:03.249+05:30  INFO 6428 --- [order-service] [main] o.s.boot.tomcat.TomcatWebServer          : Tomcat initialized with port 8083 (http)
2025-12-22T11:33:03.321+05:30  INFO 6428 --- [order-service] [main] o.apache.catalina.core.StandardService   : Starting service [Tomcat]
2025-12-22T11:33:03.322+05:30  INFO 6428 --- [order-service] [main] o.apache.catalina.core.StandardEngine    : Starting Servlet engine: [Apache Tomcat/11.0.14]
2025-12-22T11:33:03.519+05:30  INFO 6428 --- [order-service] [main] b.w.c.s.WebApplicationContextInitializer : Root WebApplicationContext: initialization completed in 5113 ms
2025-12-22T11:33:04.159+05:30  INFO 6428 --- [order-service] [main] o.hibernate.jpa.internal.util.LogHelper  : HHH000204: Processing PersistenceUnitInfo [name: default]
2025-12-22T11:33:04.266+05:30  INFO 6428 --- [order-service] [main] org.hibernate.Version                    : HHH000412: Hibernate ORM core version 7.1.8.Final
2025-12-22T11:33:04.994+05:30  INFO 6428 --- [order-service] [main] o.s.o.j.p.SpringPersistenceUnitInfo      : No LoadTimeWeaver setup: ignoring JPA class transformer
2025-12-22T11:33:05.075+05:30  INFO 6428 --- [order-service] [main] com.zaxxer.hikari.HikariDataSource       : HikariPool-1 - Starting...
2025-12-22T11:33:05.436+05:30  INFO 6428 --- [order-service] [main] com.zaxxer.hikari.pool.HikariPool        : HikariPool-1 - Added connection org.postgresql.jdbc.PgConnection@7e9d171c
2025-12-22T11:33:05.439+05:30  INFO 6428 --- [order-service] [main] com.zaxxer.hikari.HikariDataSource       : HikariPool-1 - Start completed.
2025-12-22T11:33:05.497+05:30  WARN 6428 --- [order-service] [main] org.hibernate.orm.deprecation            : HHH90000025: PostgreSQLDialect does not need to be specified explicitly using 'hibernate.dialect' (remove the property setting and it will be selected by default)
2025-12-22T11:33:05.542+05:30  INFO 6428 --- [order-service] [main] org.hibernate.orm.connections.pooling    : HHH10001005: Database info:
	Database JDBC URL [jdbc:postgresql://localhost:5432/orderdb]
	Database driver: PostgreSQL JDBC Driver
	Database dialect: PostgreSQLDialect
	Database version: 14.20
	Default catalog/schema: orderdb/public
	Autocommit mode: undefined/unknown
	Isolation level: READ_COMMITTED [default READ_COMMITTED]
	JDBC fetch size: none
	Pool: DatasourceConnectionProviderImpl
	Minimum pool size: undefined/unknown
	Maximum pool size: undefined/unknown
2025-12-22T11:33:07.265+05:30  INFO 6428 --- [order-service] [main] o.h.e.t.j.p.i.JtaPlatformInitiator       : HHH000489: No JTA platform available (set 'hibernate.transaction.jta.platform' to enable JTA platform integration)
2025-12-22T11:33:07.414+05:30  INFO 6428 --- [order-service] [main] j.LocalContainerEntityManagerFactoryBean : Initialized JPA EntityManagerFactory for persistence unit 'default'
2025-12-22T11:33:07.609+05:30  INFO 6428 --- [order-service] [main] o.s.d.j.r.query.QueryEnhancerFactories   : Hibernate is in classpath; If applicable, HQL parser will be used.
2025-12-22T11:33:08.830+05:30  WARN 6428 --- [order-service] [main] JpaBaseConfiguration$JpaWebConfiguration : spring.jpa.open-in-view is enabled by default. Therefore, database queries may be performed during view rendering. Explicitly configure spring.jpa.open-in-view to disable this warning
2025-12-22T11:33:09.779+05:30  INFO 6428 --- [order-service] [main] o.s.c.s.m.DirectWithAttributesChannel    : Channel 'order-service.springCloudBusInput' has 1 subscriber(s).
2025-12-22T11:33:10.887+05:30  INFO 6428 --- [order-service] [main] DiscoveryClientOptionalArgsConfiguration : Eureka HTTP Client uses RestClient.
2025-12-22T11:33:10.953+05:30  WARN 6428 --- [order-service] [main] iguration$LoadBalancerCaffeineWarnLogger : Spring Cloud LoadBalancer is currently working with the default cache. While this cache implementation is useful for development and tests, it's recommended to use Caffeine cache in production.You can switch to using Caffeine cache, by adding it and org.springframework.cache.caffeine.CaffeineCacheManager to the classpath.
2025-12-22T11:33:10.963+05:30  INFO 6428 --- [order-service] [main] o.s.b.a.e.web.EndpointLinksResolver      : Exposing 24 endpoints beneath base path '/actuator'
2025-12-22T11:33:11.088+05:30  INFO 6428 --- [order-service] [main] o.s.i.endpoint.EventDrivenConsumer       : Adding {logging-channel-adapter:_org.springframework.integration.errorLogger} as a subscriber to the 'errorChannel' channel
2025-12-22T11:33:11.089+05:30  INFO 6428 --- [order-service] [main] o.s.i.channel.PublishSubscribeChannel    : Channel 'order-service.errorChannel' has 1 subscriber(s).
2025-12-22T11:33:11.089+05:30  INFO 6428 --- [order-service] [main] o.s.i.endpoint.EventDrivenConsumer       : started bean '_org.springframework.integration.errorLogger'
2025-12-22T11:33:11.113+05:30  INFO 6428 --- [order-service] [main] o.s.c.n.eureka.InstanceInfoFactory       : Setting initial instance status as: STARTING
2025-12-22T11:33:11.139+05:30  INFO 6428 --- [order-service] [main] com.netflix.discovery.DiscoveryClient    : Initializing Eureka in region us-east-1
2025-12-22T11:33:11.144+05:30  INFO 6428 --- [order-service] [main] c.n.d.s.r.aws.ConfigClusterResolver      : Resolving eureka endpoints via configuration
2025-12-22T11:33:11.154+05:30  INFO 6428 --- [order-service] [main] com.netflix.discovery.DiscoveryClient    : Disable delta property : false
2025-12-22T11:33:11.154+05:30  INFO 6428 --- [order-service] [main] com.netflix.discovery.DiscoveryClient    : Single vip registry refresh property : null
2025-12-22T11:33:11.154+05:30  INFO 6428 --- [order-service] [main] com.netflix.discovery.DiscoveryClient    : Force full registry fetch : false
2025-12-22T11:33:11.154+05:30  INFO 6428 --- [order-service] [main] com.netflix.discovery.DiscoveryClient    : Application is null : false
2025-12-22T11:33:11.155+05:30  INFO 6428 --- [order-service] [main] com.netflix.discovery.DiscoveryClient    : Registered Applications size is zero : true
2025-12-22T11:33:11.155+05:30  INFO 6428 --- [order-service] [main] com.netflix.discovery.DiscoveryClient    : Application version is -1: true
2025-12-22T11:33:11.155+05:30  INFO 6428 --- [order-service] [main] com.netflix.discovery.DiscoveryClient    : Getting all instance registry info from the eureka server
2025-12-22T11:33:11.354+05:30  INFO 6428 --- [order-service] [main] com.netflix.discovery.DiscoveryClient    : The response status is 200
2025-12-22T11:33:11.355+05:30  INFO 6428 --- [order-service] [main] com.netflix.discovery.DiscoveryClient    : Starting heartbeat executor: renew interval is: 30
2025-12-22T11:33:11.358+05:30  INFO 6428 --- [order-service] [main] c.n.discovery.InstanceInfoReplicator     : InstanceInfoReplicator onDemand update allowed rate per min is 4
2025-12-22T11:33:11.359+05:30  INFO 6428 --- [order-service] [main] com.netflix.discovery.DiscoveryClient    : Discovery Client initialized at timestamp 1766383391359 with initial instances count: 1
2025-12-22T11:33:11.363+05:30  INFO 6428 --- [order-service] [main] o.s.c.n.e.s.EurekaServiceRegistry        : Registering application ORDER-SERVICE with eureka with status UP
2025-12-22T11:33:11.364+05:30  INFO 6428 --- [order-service] [main] com.netflix.discovery.DiscoveryClient    : Saw local status change event StatusChangeEvent [timestamp=1766383391364, current=UP, previous=STARTING]
2025-12-22T11:33:11.367+05:30  INFO 6428 --- [order-service] [DiscoveryClient-InstanceInfoReplicator-%d] com.netflix.discovery.DiscoveryClient    : DiscoveryClient_ORDER-SERVICE/Dell.mshome.net:order-service:8083: registering service...
2025-12-22T11:33:11.368+05:30  INFO 6428 --- [order-service] [main] o.s.c.s.binder.DefaultBinderFactory      : Creating binder: rabbit
2025-12-22T11:33:11.368+05:30  INFO 6428 --- [order-service] [main] o.s.c.s.binder.DefaultBinderFactory      : Constructing binder child context for rabbit
2025-12-22T11:33:11.433+05:30  INFO 6428 --- [order-service] [DiscoveryClient-InstanceInfoReplicator-%d] com.netflix.discovery.DiscoveryClient    : DiscoveryClient_ORDER-SERVICE/Dell.mshome.net:order-service:8083 - registration status: 204
2025-12-22T11:33:11.499+05:30  INFO 6428 --- [order-service] [main] o.s.c.s.binder.DefaultBinderFactory      : Caching the binder: rabbit
2025-12-22T11:33:11.511+05:30  INFO 6428 --- [order-service] [main] c.s.b.r.p.RabbitExchangeQueueProvisioner : declaring queue for inbound: springCloudBus.anonymous.8YLU7mq8SKm_6EZY6DZSsw, bound to: springCloudBus
2025-12-22T11:33:11.519+05:30  INFO 6428 --- [order-service] [main] o.s.a.r.c.CachingConnectionFactory       : Attempting to connect to: [localhost:5672]
2025-12-22T11:33:11.581+05:30  INFO 6428 --- [order-service] [main] o.s.a.r.c.CachingConnectionFactory       : Created new connection: rabbitConnectionFactory#5901caf8:0/SimpleConnection@1d88414a [delegate=amqp://guest@127.0.0.1:5672/, localPort=64868]
2025-12-22T11:33:11.638+05:30  INFO 6428 --- [order-service] [main] o.s.c.stream.binder.BinderErrorChannel   : Channel 'rabbit-2064158133.springCloudBusInput.errors' has 1 subscriber(s).
2025-12-22T11:33:11.639+05:30  INFO 6428 --- [order-service] [main] o.s.c.stream.binder.BinderErrorChannel   : Channel 'rabbit-2064158133.springCloudBusInput.errors' has 2 subscriber(s).
2025-12-22T11:33:11.663+05:30  INFO 6428 --- [order-service] [main] o.s.i.a.i.AmqpInboundChannelAdapter      : started bean 'inbound.springCloudBus.anonymous.8YLU7mq8SKm_6EZY6DZSsw'
2025-12-22T11:33:11.687+05:30  INFO 6428 --- [order-service] [main] o.s.boot.tomcat.TomcatWebServer          : Tomcat started on port 8083 (http) with context path '/'
2025-12-22T11:33:11.690+05:30  INFO 6428 --- [order-service] [main] .s.c.n.e.s.EurekaAutoServiceRegistration : Updating port to 8083
2025-12-22T11:33:11.744+05:30  INFO 6428 --- [order-service] [main] com.ecommerce.order.OrderApplication     : Started OrderApplication in 14.781 seconds (process running for 16.005)
